<?xml version="1.0" encoding="UTF-8"?>
<!-- Generated by org.testng.reporters.JUnitXMLReporter -->
<testsuite hostname="Mahadev" failures="0" tests="3" name="Default test" time="30.869" errors="0" timestamp="28 Mar 2018 00:48:08 GMT">
  <testcase classname="com.crm.qa.testcases.LoginpageTest" name="loginpagetitletest" time="0.026"/>
  <testcase classname="com.crm.qa.testcases.LoginpageTest" name="CRMlogoTest" time="0.051"/>
  <testcase classname="com.crm.qa.testcases.LoginpageTest" name="logintest" time="10.071"/>
</testsuite> <!-- Default test -->
