<?xml version="1.0" encoding="UTF-8"?>
<testng-results total="3" passed="3" failed="0" skipped="0">
  <reporter-output>
  </reporter-output>
  <suite started-at="2018-03-28T00:47:37Z" name="Default suite" finished-at="2018-03-28T00:48:08Z" duration-ms="30869">
    <groups>
    </groups>
    <test started-at="2018-03-28T00:47:37Z" name="Default test" finished-at="2018-03-28T00:48:08Z" duration-ms="30869">
      <class name="com.crm.qa.testcases.LoginpageTest">
        <test-method is-config="true" signature="setup()[pri:0, instance:com.crm.qa.testcases.LoginpageTest@7494f96a]" started-at="2018-03-27T17:47:37Z" name="setup" finished-at="2018-03-27T17:47:44Z" duration-ms="6757" status="PASS">
          <reporter-output>
          </reporter-output>
        </test-method> <!-- setup -->
        <test-method signature="loginpagetitletest()[pri:0, instance:com.crm.qa.testcases.LoginpageTest@7494f96a]" started-at="2018-03-27T17:47:44Z" name="loginpagetitletest" finished-at="2018-03-27T17:47:44Z" duration-ms="26" status="PASS">
          <reporter-output>
          </reporter-output>
        </test-method> <!-- loginpagetitletest -->
        <test-method is-config="true" signature="teardown()[pri:0, instance:com.crm.qa.testcases.LoginpageTest@7494f96a]" started-at="2018-03-27T17:47:44Z" name="teardown" finished-at="2018-03-27T17:47:44Z" duration-ms="242" status="PASS">
          <reporter-output>
          </reporter-output>
        </test-method> <!-- teardown -->
        <test-method is-config="true" signature="setup()[pri:0, instance:com.crm.qa.testcases.LoginpageTest@7494f96a]" started-at="2018-03-27T17:47:44Z" name="setup" finished-at="2018-03-27T17:47:51Z" duration-ms="6469" status="PASS">
          <reporter-output>
          </reporter-output>
        </test-method> <!-- setup -->
        <test-method signature="CRMlogoTest()[pri:0, instance:com.crm.qa.testcases.LoginpageTest@7494f96a]" started-at="2018-03-27T17:47:51Z" name="CRMlogoTest" finished-at="2018-03-27T17:47:51Z" duration-ms="51" status="PASS">
          <reporter-output>
          </reporter-output>
        </test-method> <!-- CRMlogoTest -->
        <test-method is-config="true" signature="teardown()[pri:0, instance:com.crm.qa.testcases.LoginpageTest@7494f96a]" started-at="2018-03-27T17:47:51Z" name="teardown" finished-at="2018-03-27T17:47:51Z" duration-ms="53" status="PASS">
          <reporter-output>
          </reporter-output>
        </test-method> <!-- teardown -->
        <test-method is-config="true" signature="setup()[pri:0, instance:com.crm.qa.testcases.LoginpageTest@7494f96a]" started-at="2018-03-27T17:47:51Z" name="setup" finished-at="2018-03-27T17:47:58Z" duration-ms="7049" status="PASS">
          <reporter-output>
          </reporter-output>
        </test-method> <!-- setup -->
        <test-method signature="logintest()[pri:0, instance:com.crm.qa.testcases.LoginpageTest@7494f96a]" started-at="2018-03-27T17:47:58Z" name="logintest" finished-at="2018-03-27T17:48:08Z" duration-ms="10071" status="PASS">
          <reporter-output>
          </reporter-output>
        </test-method> <!-- logintest -->
        <test-method is-config="true" signature="teardown()[pri:0, instance:com.crm.qa.testcases.LoginpageTest@7494f96a]" started-at="2018-03-27T17:48:08Z" name="teardown" finished-at="2018-03-27T17:48:08Z" duration-ms="131" status="PASS">
          <reporter-output>
          </reporter-output>
        </test-method> <!-- teardown -->
      </class> <!-- com.crm.qa.testcases.LoginpageTest -->
    </test> <!-- Default test -->
  </suite> <!-- Default suite -->
</testng-results>
