<?xml version="1.0" encoding="UTF-8"?>
<!-- Generated by org.testng.reporters.JUnitXMLReporter -->
<testsuite hostname="Mahadev" failures="0" tests="11" name="Free CRM  Application Test Cases" time="170.873" errors="0" timestamp="28 Mar 2018 00:42:56 GMT">
  <testcase classname="com.crm.qa.testcases.LoginpageTest" name="loginpagetitletest" time="0.025"/>
  <testcase classname="com.crm.qa.testcases.LoginpageTest" name="CRMlogoTest" time="0.051"/>
  <testcase classname="com.crm.qa.testcases.LoginpageTest" name="logintest" time="9.499"/>
  <testcase classname="com.crm.qa.testcases.HomePageTest" name="verifyHomePageTitleTest" time="0.007"/>
  <testcase classname="com.crm.qa.testcases.HomePageTest" name="verifyUsernameTest" time="0.114"/>
  <testcase classname="com.crm.qa.testcases.HomePageTest" name="verifyContactsLinkTest" time="0.175"/>
  <testcase classname="com.crm.qa.testcases.ContactsPageTest" name="validateCreateNewContact" time="7.918"/>
  <testcase classname="com.crm.qa.testcases.ContactsPageTest" name="validateCreateNewContact" time="7.808"/>
  <testcase classname="com.crm.qa.testcases.ContactsPageTest" name="validateCreateNewContact" time="7.951"/>
  <testcase classname="com.crm.qa.testcases.ContactsPageTest" name="validateCreateNewContact" time="7.859"/>
  <testcase classname="com.crm.qa.testcases.ContactsPageTest" name="validateCreateNewContact" time="7.893"/>
</testsuite> <!-- Free CRM  Application Test Cases -->
